{"name":"Runs cucmber Features","status":"broken","statusDetails":{"known":false,"muted":false,"flaky":false,"message":"org.openqa.selenium.TimeoutException: Expected condition failed: waiting for visibility of [[ChromeDriver: chrome on XP (9fc77de11fe30b54bea3ead983d99e03)] -> xpath: //a[@id='nav-questions']/*[text()='Stack Overflow']] (tried for 60 second(s) with 500 milliseconds interval)\nBuild info: version: '3.11.0', revision: 'e59cfb3', time: '2018-03-11T20:26:55.152Z'\nSystem info: host: 'DESKTOP-OS9HIGU', ip: '192.168.0.103', os.name: 'Windows 10', os.arch: 'amd64', os.version: '10.0', java.version: '1.8.0_201'\nDriver info: org.openqa.selenium.chrome.ChromeDriver\nCapabilities {acceptInsecureCerts: false, acceptSslCerts: false, applicationCacheEnabled: false, browserConnectionEnabled: false, browserName: chrome, chrome: {chromedriverVersion: 2.38.552522 (437e6fbedfa876..., userDataDir: C:\\WINDOWS\\TEMP\\scoped_dir8...}, cssSelectorsEnabled: true, databaseEnabled: false, handlesAlerts: true, hasTouchScreen: false, javascriptEnabled: true, locationContextEnabled: true, mobileEmulationEnabled: false, nativeEvents: true, networkConnectionEnabled: false, pageLoadStrategy: normal, platform: XP, platformName: XP, rotatable: false, setWindowRect: true, takesHeapSnapshot: true, takesScreenshot: true, unexpectedAlertBehaviour: , unhandledPromptBehavior: , version: 83.0.4103.61, webStorageEnabled: true}\nSession ID: 9fc77de11fe30b54bea3ead983d99e03","trace":"cucumber.runtime.CucumberException: org.openqa.selenium.TimeoutException: Expected condition failed: waiting for visibility of [[ChromeDriver: chrome on XP (9fc77de11fe30b54bea3ead983d99e03)] -> xpath: //a[@id='nav-questions']/*[text()='Stack Overflow']] (tried for 60 second(s) with 500 milliseconds interval)\nBuild info: version: '3.11.0', revision: 'e59cfb3', time: '2018-03-11T20:26:55.152Z'\nSystem info: host: 'DESKTOP-OS9HIGU', ip: '192.168.0.103', os.name: 'Windows 10', os.arch: 'amd64', os.version: '10.0', java.version: '1.8.0_201'\nDriver info: org.openqa.selenium.chrome.ChromeDriver\nCapabilities {acceptInsecureCerts: false, acceptSslCerts: false, applicationCacheEnabled: false, browserConnectionEnabled: false, browserName: chrome, chrome: {chromedriverVersion: 2.38.552522 (437e6fbedfa876..., userDataDir: C:\\WINDOWS\\TEMP\\scoped_dir8...}, cssSelectorsEnabled: true, databaseEnabled: false, handlesAlerts: true, hasTouchScreen: false, javascriptEnabled: true, locationContextEnabled: true, mobileEmulationEnabled: false, nativeEvents: true, networkConnectionEnabled: false, pageLoadStrategy: normal, platform: XP, platformName: XP, rotatable: false, setWindowRect: true, takesHeapSnapshot: true, takesScreenshot: true, unexpectedAlertBehaviour: , unhandledPromptBehavior: , version: 83.0.4103.61, webStorageEnabled: true}\nSession ID: 9fc77de11fe30b54bea3ead983d99e03\r\n\tat cucumber.api.testng.TestNGCucumberRunner.runCucumber(TestNGCucumberRunner.java:69)\r\n\tat com.cucumberFramework.testRunner.TestRunner.feature(TestRunner.java:38)\r\n\tat sun.reflect.NativeMethodAccessorImpl.invoke0(Native Method)\r\n\tat sun.reflect.NativeMethodAccessorImpl.invoke(NativeMethodAccessorImpl.java:62)\r\n\tat sun.reflect.DelegatingMethodAccessorImpl.invoke(DelegatingMethodAccessorImpl.java:43)\r\n\tat java.lang.reflect.Method.invoke(Method.java:498)\r\n\tat org.testng.internal.MethodInvocationHelper.invokeMethod(MethodInvocationHelper.java:86)\r\n\tat org.testng.internal.Invoker.invokeMethod(Invoker.java:643)\r\n\tat org.testng.internal.Invoker.invokeTestMethod(Invoker.java:820)\r\n\tat org.testng.internal.Invoker.invokeTestMethods(Invoker.java:1128)\r\n\tat org.testng.internal.TestMethodWorker.invokeTestMethods(TestMethodWorker.java:129)\r\n\tat org.testng.internal.TestMethodWorker.run(TestMethodWorker.java:112)\r\n\tat org.testng.TestRunner.privateRun(TestRunner.java:782)\r\n\tat org.testng.TestRunner.run(TestRunner.java:632)\r\n\tat org.testng.SuiteRunner.runTest(SuiteRunner.java:366)\r\n\tat org.testng.SuiteRunner.runSequentially(SuiteRunner.java:361)\r\n\tat org.testng.SuiteRunner.privateRun(SuiteRunner.java:319)\r\n\tat org.testng.SuiteRunner.run(SuiteRunner.java:268)\r\n\tat org.testng.SuiteRunnerWorker.runSuite(SuiteRunnerWorker.java:52)\r\n\tat org.testng.SuiteRunnerWorker.run(SuiteRunnerWorker.java:86)\r\n\tat org.testng.TestNG.runSuitesSequentially(TestNG.java:1244)\r\n\tat org.testng.TestNG.runSuitesLocally(TestNG.java:1169)\r\n\tat org.testng.TestNG.run(TestNG.java:1064)\r\n\tat org.apache.maven.surefire.testng.TestNGExecutor.run(TestNGExecutor.java:281)\r\n\tat org.apache.maven.surefire.testng.TestNGXmlTestSuite.execute(TestNGXmlTestSuite.java:75)\r\n\tat org.apache.maven.surefire.testng.TestNGProvider.invoke(TestNGProvider.java:121)\r\n\tat org.apache.maven.surefire.booter.ForkedBooter.invokeProviderInSameClassLoader(ForkedBooter.java:290)\r\n\tat org.apache.maven.surefire.booter.ForkedBooter.runSuitesInProcess(ForkedBooter.java:242)\r\n\tat org.apache.maven.surefire.booter.ForkedBooter.main(ForkedBooter.java:121)\r\nCaused by: org.openqa.selenium.TimeoutException: Expected condition failed: waiting for visibility of [[ChromeDriver: chrome on XP (9fc77de11fe30b54bea3ead983d99e03)] -> xpath: //a[@id='nav-questions']/*[text()='Stack Overflow']] (tried for 60 second(s) with 500 milliseconds interval)\nBuild info: version: '3.11.0', revision: 'e59cfb3', time: '2018-03-11T20:26:55.152Z'\nSystem info: host: 'DESKTOP-OS9HIGU', ip: '192.168.0.103', os.name: 'Windows 10', os.arch: 'amd64', os.version: '10.0', java.version: '1.8.0_201'\nDriver info: org.openqa.selenium.chrome.ChromeDriver\nCapabilities {acceptInsecureCerts: false, acceptSslCerts: false, applicationCacheEnabled: false, browserConnectionEnabled: false, browserName: chrome, chrome: {chromedriverVersion: 2.38.552522 (437e6fbedfa876..., userDataDir: C:\\WINDOWS\\TEMP\\scoped_dir8...}, cssSelectorsEnabled: true, databaseEnabled: false, handlesAlerts: true, hasTouchScreen: false, javascriptEnabled: true, locationContextEnabled: true, mobileEmulationEnabled: false, nativeEvents: true, networkConnectionEnabled: false, pageLoadStrategy: normal, platform: XP, platformName: XP, rotatable: false, setWindowRect: true, takesHeapSnapshot: true, takesScreenshot: true, unexpectedAlertBehaviour: , unhandledPromptBehavior: , version: 83.0.4103.61, webStorageEnabled: true}\nSession ID: 9fc77de11fe30b54bea3ead983d99e03\r\n\tat org.openqa.selenium.support.ui.WebDriverWait.timeoutException(WebDriverWait.java:81)\r\n\tat org.openqa.selenium.support.ui.FluentWait.until(FluentWait.java:271)\r\n\tat com.cucumberFramework.helper.WaitHelper.WaitForElement(WaitHelper.java:23)\r\n\tat com.cucumberFramework.stepdefinitions.loginLogoutPageStepDefinitions.click_on_Log_in_button(loginLogoutPageStepDefinitions.java:37)\r\n\tat âœ½.And Click on Log in button(src/test/resources/features/login/login_Invalidcred.feature:8)\r\n"},"stage":"finished","description":"Stackover Login and logout with valid & Invalid credentials","steps":[{"name":"User Click on log-in button in Slockover flow page","status":"passed","stage":"finished","steps":[],"attachments":[],"parameters":[],"start":1590685338390,"stop":1590685340025},{"name":"User entering User name & password in Sign-In Page","status":"passed","stage":"finished","steps":[],"attachments":[],"parameters":[{"name":"username","value":"abhranil.blr@gmail.com"},{"name":"password","value":"March2020#"}],"start":1590685340105,"stop":1590685340525},{"name":"User Click on log-in button in Sign-In Page","status":"passed","stage":"finished","steps":[],"attachments":[],"parameters":[],"start":1590685340529,"stop":1590685340614}],"attachments":[],"parameters":[{"name":"arg0","value":"As a Stackover user I shouldnot able to login with In-valid credentials and error message should display"}],"start":1590685322893,"stop":1590685404873,"uuid":"c66683e4-ca41-4da5-9a2c-953cfeab9a27","historyId":"397178ac189bec658ca8151fe3ccc7","fullName":"com.cucumberFramework.testRunner.TestRunner.feature","labels":[{"name":"package","value":"com.cucumberFramework.testRunner.TestRunner"},{"name":"testClass","value":"com.cucumberFramework.testRunner.TestRunner"},{"name":"testMethod","value":"feature"},{"name":"parentSuite","value":"BDD Test Suite"},{"name":"suite","value":"Regression Test"},{"name":"subSuite","value":"com.cucumberFramework.testRunner.TestRunner"},{"name":"host","value":"DESKTOP-OS9HIGU"},{"name":"thread","value":"7656@DESKTOP-OS9HIGU.main(1)"},{"name":"framework","value":"testng"},{"name":"language","value":"java"},{"name":"story","value":"Stackover Login and logout"},{"name":"feature","value":"Feature 1: As a Stackover user I should be able to login and logout with valid credentials    Feature 2:As a Stackover user I shouldnot able to login with In-valid credentials and error message should display"},{"name":"severity","value":"blocker"}],"links":[]}